app/build/outputs/logs/manifest-merger-debug-report.txt
-- Merging decision tree log ---
manifest
ADDED from src\main\AndroidManifest.xml:17:1-44:12
	package
		ADDED from src\main\AndroidManifest.xml:18:7-46
		INJECTED from src\main\AndroidManifest.xml
		INJECTED from src\main\AndroidManifest.xml
	android:versionName
		ADDED from src\main\AndroidManifest.xml:20:7-32
		INJECTED from src\main\AndroidManifest.xml
		INJECTED from src\main\AndroidManifest.xml
	android:versionCode
		ADDED from src\main\AndroidManifest.xml:19:7-30
		INJECTED from src\main\AndroidManifest.xml
		INJECTED from src\main\AndroidManifest.xml
	xmlns:android
		ADDED from src\main\AndroidManifest.xml:17:11-69
uses-sdk
ADDED from src\main\AndroidManifest.xml:22:5-73
	android:targetSdkVersion
		ADDED from src\main\AndroidManifest.xml:22:41-70
		INJECTED from src\main\AndroidManifest.xml
		INJECTED from src\main\AndroidManifest.xml
	android:minSdkVersion
		ADDED from src\main\AndroidManifest.xml:22:15-40
		INJECTED from src\main\AndroidManifest.xml
		INJECTED from src\main\AndroidManifest.xml
application
ADDED from src\main\AndroidManifest.xml:23:5-43:19
	android:label
		ADDED from src\main\AndroidManifest.xml:23:18-50
	android:icon
		ADDED from src\main\AndroidManifest.xml:24:18-54
activity#com.example.android.lifecycle.ActivityA
ADDED from src\main\AndroidManifest.xml:26:9-33:20
	android:name
		ADDED from src\main\AndroidManifest.xml:26:19-44
intent-filter#android.intent.action.MAIN+android.intent.category.LAUNCHER
ADDED from src\main\AndroidManifest.xml:29:13-32:29
action#android.intent.action.MAIN
ADDED from src\main\AndroidManifest.xml:30:17-69
	android:name
		ADDED from src\main\AndroidManifest.xml:30:25-66
category#android.intent.category.LAUNCHER
ADDED from src\main\AndroidManifest.xml:31:17-77
	android:name
		ADDED from src\main\AndroidManifest.xml:31:27-74
activity#com.example.android.lifecycle.ActivityB
ADDED from src\main\AndroidManifest.xml:35:9-47
	android:name
		ADDED from src\main\AndroidManifest.xml:35:19-44
activity#com.example.android.lifecycle.ActivityC
ADDED from src\main\AndroidManifest.xml:37:9-47
	android:name
		ADDED from src\main\AndroidManifest.xml:37:19-44
activity#com.example.android.lifecycle.DialogActivity
ADDED from src\main\AndroidManifest.xml:39:9-41:20
	android:theme
		ADDED from src\main\AndroidManifest.xml:40:19-62
	android:name
		ADDED from src\main\AndroidManifest.xml:39:19-49